<?xml version="1.0" encoding="UTF-8"?>
<coverage generated="1568317311144" clover="3.2.0">
  <project timestamp="1568317311144" name="All files">
    <metrics statements="12" coveredstatements="12" conditionals="1" coveredconditionals="0" methods="3" coveredmethods="3" elements="16" coveredelements="15" complexity="0" loc="12" ncloc="12" packages="2" files="3" classes="3">
      <package name="reduce">
        <metrics statements="7" coveredstatements="7" conditionals="1" coveredconditionals="0" methods="2" coveredmethods="2"/>
        <file name="main-reduce.js" path="C:\Users\afmendes\Documents\pessoal\develop\repositorios\curso-react-ninja\Modulo2\M2.A09-TDD\src\reduce\main-reduce.js">
          <metrics statements="5" coveredstatements="5" conditionals="1" coveredconditionals="0" methods="1" coveredmethods="1"/>
          <line num="3" count="1" type="cond" truecount="0" falsecount="1"/>
          <line num="4" count="1" type="stmt"/>
          <line num="6" count="1" type="stmt"/>
          <line num="7" count="3" type="stmt"/>
          <line num="9" count="1" type="stmt"/>
        </file>
        <file name="reduce-right.js" path="C:\Users\afmendes\Documents\pessoal\develop\repositorios\curso-react-ninja\Modulo2\M2.A09-TDD\src\reduce\reduce-right.js">
          <metrics statements="2" coveredstatements="2" conditionals="0" coveredconditionals="0" methods="1" coveredmethods="1"/>
          <line num="6" count="1" type="stmt"/>
          <line num="7" count="1" type="stmt"/>
        </file>
      </package>
      <package name="reverse">
        <metrics statements="5" coveredstatements="5" conditionals="0" coveredconditionals="0" methods="1" coveredmethods="1"/>
        <file name="reverse.js" path="C:\Users\afmendes\Documents\pessoal\develop\repositorios\curso-react-ninja\Modulo2\M2.A09-TDD\src\reverse\reverse.js">
          <metrics statements="5" coveredstatements="5" conditionals="0" coveredconditionals="0" methods="1" coveredmethods="1"/>
          <line num="3" count="1" type="stmt"/>
          <line num="4" count="1" type="stmt"/>
          <line num="6" count="1" type="stmt"/>
          <line num="7" count="3" type="stmt"/>
          <line num="10" count="1" type="stmt"/>
        </file>
      </package>
    </metrics>
  </project>
</coverage>
