{"C:\\develop\\webcourses\\frontend\\curso-react-ninja\\Modulo2\\M2.A09-TDD\\src\\reduce\\main-reduce.js": {"path":"C:\\develop\\webcourses\\frontend\\curso-react-ninja\\Modulo2\\M2.A09-TDD\\src\\reduce\\main-reduce.js","statementMap":{"0":{"start":{"line":3,"column":19},"end":{"line":16,"column":1}},"1":{"start":{"line":4,"column":14},"end":{"line":4,"column":26}},"2":{"start":{"line":5,"column":18},"end":{"line":5,"column":21}},"3":{"start":{"line":7,"column":4},"end":{"line":10,"column":5}},"4":{"start":{"line":8,"column":8},"end":{"line":8,"column":20}},"5":{"start":{"line":9,"column":8},"end":{"line":9,"column":30}},"6":{"start":{"line":12,"column":4},"end":{"line":14,"column":5}},"7":{"start":{"line":13,"column":8},"end":{"line":13,"column":47}},"8":{"start":{"line":15,"column":4},"end":{"line":15,"column":15}}},"fnMap":{"0":{"name":"(anonymous_0)","decl":{"start":{"line":3,"column":19},"end":{"line":3,"column":20}},"loc":{"start":{"line":3,"column":48},"end":{"line":16,"column":1}},"line":3}},"branchMap":{"0":{"loc":{"start":{"line":7,"column":4},"end":{"line":10,"column":5}},"type":"if","locations":[{"start":{"line":7,"column":4},"end":{"line":10,"column":5}},{"start":{"line":7,"column":4},"end":{"line":10,"column":5}}],"line":7}},"s":{"0":2,"1":7,"2":7,"3":7,"4":2,"5":2,"6":7,"7":16,"8":7},"f":{"0":7},"b":{"0":[2,5]},"_coverageSchema":"332fd63041d2c1bcb487cc26dd0d5f7d97098a6c","hash":"5d5e05f1b6950f6d391dec357dccb7a64ea34cd5"}
,"C:\\develop\\webcourses\\frontend\\curso-react-ninja\\Modulo2\\M2.A09-TDD\\src\\reduce\\reduce-right.js": {"path":"C:\\develop\\webcourses\\frontend\\curso-react-ninja\\Modulo2\\M2.A09-TDD\\src\\reduce\\reduce-right.js","statementMap":{"0":{"start":{"line":6,"column":20},"end":{"line":6,"column":75}},"1":{"start":{"line":6,"column":40},"end":{"line":6,"column":75}}},"fnMap":{"0":{"name":"(anonymous_0)","decl":{"start":{"line":6,"column":20},"end":{"line":6,"column":21}},"loc":{"start":{"line":6,"column":40},"end":{"line":6,"column":75}},"line":6}},"branchMap":{},"s":{"0":2,"1":1},"f":{"0":1},"b":{},"_coverageSchema":"332fd63041d2c1bcb487cc26dd0d5f7d97098a6c","hash":"19e8d0404aa86e00d50e1ecc4b1d46f0d676d74c"}
,"C:\\develop\\webcourses\\frontend\\curso-react-ninja\\Modulo2\\M2.A09-TDD\\src\\reduce\\reduce.js": {"path":"C:\\develop\\webcourses\\frontend\\curso-react-ninja\\Modulo2\\M2.A09-TDD\\src\\reduce\\reduce.js","statementMap":{"0":{"start":{"line":3,"column":15},"end":{"line":3,"column":25}}},"fnMap":{},"branchMap":{},"s":{"0":1},"f":{},"b":{},"_coverageSchema":"332fd63041d2c1bcb487cc26dd0d5f7d97098a6c","hash":"cdb686c4d502460dbc2b38d5a583fe590b648b85"}
,"C:\\develop\\webcourses\\frontend\\curso-react-ninja\\Modulo2\\M2.A09-TDD\\src\\reverse\\reverse.js": {"path":"C:\\develop\\webcourses\\frontend\\curso-react-ninja\\Modulo2\\M2.A09-TDD\\src\\reverse\\reverse.js","statementMap":{"0":{"start":{"line":3,"column":16},"end":{"line":11,"column":1}},"1":{"start":{"line":4,"column":17},"end":{"line":4,"column":19}},"2":{"start":{"line":6,"column":4},"end":{"line":8,"column":5}},"3":{"start":{"line":7,"column":8},"end":{"line":7,"column":28}},"4":{"start":{"line":10,"column":4},"end":{"line":10,"column":18}}},"fnMap":{"0":{"name":"(anonymous_0)","decl":{"start":{"line":3,"column":16},"end":{"line":3,"column":17}},"loc":{"start":{"line":3,"column":25},"end":{"line":11,"column":1}},"line":3}},"branchMap":{},"s":{"0":2,"1":1,"2":1,"3":3,"4":1},"f":{"0":1},"b":{},"_coverageSchema":"332fd63041d2c1bcb487cc26dd0d5f7d97098a6c","hash":"9ccc409d8df0b4236b3cae9afd32ba5c48c18235"}
}
