{"C:\\Users\\afmendes\\Documents\\pessoal\\develop\\repositorios\\curso-react-ninja\\Modulo2\\M2.A09-TDD\\src\\reduce\\main-reduce.js": {"path":"C:\\Users\\afmendes\\Documents\\pessoal\\develop\\repositorios\\curso-react-ninja\\Modulo2\\M2.A09-TDD\\src\\reduce\\main-reduce.js","statementMap":{"0":{"start":{"line":3,"column":19},"end":{"line":10,"column":1}},"1":{"start":{"line":4,"column":14},"end":{"line":4,"column":26}},"2":{"start":{"line":6,"column":4},"end":{"line":8,"column":5}},"3":{"start":{"line":7,"column":8},"end":{"line":7,"column":39}},"4":{"start":{"line":9,"column":4},"end":{"line":9,"column":15}}},"fnMap":{"0":{"name":"(anonymous_0)","decl":{"start":{"line":3,"column":19},"end":{"line":3,"column":20}},"loc":{"start":{"line":3,"column":52},"end":{"line":10,"column":1}},"line":3}},"branchMap":{"0":{"loc":{"start":{"line":3,"column":31},"end":{"line":3,"column":47}},"type":"default-arg","locations":[{"start":{"line":3,"column":46},"end":{"line":3,"column":47}}],"line":3}},"s":{"0":1,"1":1,"2":1,"3":3,"4":1},"f":{"0":1},"b":{"0":[0]},"_coverageSchema":"332fd63041d2c1bcb487cc26dd0d5f7d97098a6c","hash":"06f4753fa76995c33ce180332033e5d3e0c45b7a"}
,"C:\\Users\\afmendes\\Documents\\pessoal\\develop\\repositorios\\curso-react-ninja\\Modulo2\\M2.A09-TDD\\src\\reduce\\reduce-right.js": {"path":"C:\\Users\\afmendes\\Documents\\pessoal\\develop\\repositorios\\curso-react-ninja\\Modulo2\\M2.A09-TDD\\src\\reduce\\reduce-right.js","statementMap":{"0":{"start":{"line":6,"column":20},"end":{"line":8,"column":1}},"1":{"start":{"line":7,"column":4},"end":{"line":7,"column":39}}},"fnMap":{"0":{"name":"(anonymous_0)","decl":{"start":{"line":6,"column":20},"end":{"line":6,"column":21}},"loc":{"start":{"line":6,"column":40},"end":{"line":8,"column":1}},"line":6}},"branchMap":{},"s":{"0":1,"1":1},"f":{"0":1},"b":{},"_coverageSchema":"332fd63041d2c1bcb487cc26dd0d5f7d97098a6c","hash":"1f329ee792ecc85bd3fdebc34093d5f9531f8465"}
,"C:\\Users\\afmendes\\Documents\\pessoal\\develop\\repositorios\\curso-react-ninja\\Modulo2\\M2.A09-TDD\\src\\reverse\\reverse.js": {"path":"C:\\Users\\afmendes\\Documents\\pessoal\\develop\\repositorios\\curso-react-ninja\\Modulo2\\M2.A09-TDD\\src\\reverse\\reverse.js","statementMap":{"0":{"start":{"line":3,"column":16},"end":{"line":11,"column":1}},"1":{"start":{"line":4,"column":17},"end":{"line":4,"column":19}},"2":{"start":{"line":6,"column":4},"end":{"line":8,"column":5}},"3":{"start":{"line":7,"column":8},"end":{"line":7,"column":28}},"4":{"start":{"line":10,"column":4},"end":{"line":10,"column":18}}},"fnMap":{"0":{"name":"(anonymous_0)","decl":{"start":{"line":3,"column":16},"end":{"line":3,"column":17}},"loc":{"start":{"line":3,"column":25},"end":{"line":11,"column":1}},"line":3}},"branchMap":{},"s":{"0":1,"1":1,"2":1,"3":3,"4":1},"f":{"0":1},"b":{},"_coverageSchema":"332fd63041d2c1bcb487cc26dd0d5f7d97098a6c","hash":"dbce8af0cabbf9e11d3190dda2bc446849b81435"}
}
