TN:
SF:C:\Users\afmendes\Documents\pessoal\develop\repositorios\curso-react-ninja\Modulo2\M2.A09-TDD\src\reduce\main-reduce.js
FN:3,(anonymous_0)
FNF:1
FNH:1
FNDA:1,(anonymous_0)
DA:3,1
DA:4,1
DA:6,1
DA:7,3
DA:9,1
LF:5
LH:5
BRDA:3,0,0,0
BRF:1
BRH:0
end_of_record
TN:
SF:C:\Users\afmendes\Documents\pessoal\develop\repositorios\curso-react-ninja\Modulo2\M2.A09-TDD\src\reduce\reduce-right.js
FN:6,(anonymous_0)
FNF:1
FNH:1
FNDA:1,(anonymous_0)
DA:6,1
DA:7,1
LF:2
LH:2
BRF:0
BRH:0
end_of_record
TN:
SF:C:\Users\afmendes\Documents\pessoal\develop\repositorios\curso-react-ninja\Modulo2\M2.A09-TDD\src\reverse\reverse.js
FN:3,(anonymous_0)
FNF:1
FNH:1
FNDA:1,(anonymous_0)
DA:3,1
DA:4,1
DA:6,1
DA:7,3
DA:10,1
LF:5
LH:5
BRF:0
BRH:0
end_of_record
