TN:
SF:C:\develop\webcourses\frontend\curso-react-ninja\Modulo2\M2.A09-TDD\src\reduce\main-reduce.js
FN:3,(anonymous_0)
FNF:1
FNH:1
FNDA:7,(anonymous_0)
DA:3,2
DA:4,7
DA:5,7
DA:7,7
DA:8,2
DA:9,2
DA:12,7
DA:13,16
DA:15,7
LF:9
LH:9
BRDA:7,0,0,2
BRDA:7,0,1,5
BRF:2
BRH:2
end_of_record
TN:
SF:C:\develop\webcourses\frontend\curso-react-ninja\Modulo2\M2.A09-TDD\src\reduce\reduce-right.js
FN:6,(anonymous_0)
FNF:1
FNH:1
FNDA:1,(anonymous_0)
DA:6,2
LF:1
LH:1
BRF:0
BRH:0
end_of_record
TN:
SF:C:\develop\webcourses\frontend\curso-react-ninja\Modulo2\M2.A09-TDD\src\reduce\reduce.js
FNF:0
FNH:0
DA:3,1
LF:1
LH:1
BRF:0
BRH:0
end_of_record
TN:
SF:C:\develop\webcourses\frontend\curso-react-ninja\Modulo2\M2.A09-TDD\src\reverse\reverse.js
FN:3,(anonymous_0)
FNF:1
FNH:1
FNDA:1,(anonymous_0)
DA:3,2
DA:4,1
DA:6,1
DA:7,3
DA:10,1
LF:5
LH:5
BRF:0
BRH:0
end_of_record
