{"C:\\develop\\webcourses\\frontend\\curso-react-ninja\\Modulo2\\M2.A03-JEST\\div.js": {"path":"C:\\develop\\webcourses\\frontend\\curso-react-ninja\\Modulo2\\M2.A03-JEST\\div.js","statementMap":{"0":{"start":{"line":4,"column":4},"end":{"line":4,"column":13}}},"fnMap":{"0":{"name":"(anonymous_0)","decl":{"start":{"line":3,"column":15},"end":{"line":3,"column":16}},"loc":{"start":{"line":3,"column":21},"end":{"line":5,"column":1}},"line":3}},"branchMap":{},"s":{"0":1},"f":{"0":1},"b":{},"_coverageSchema":"332fd63041d2c1bcb487cc26dd0d5f7d97098a6c","hash":"2b412066426d1f6e47a8f36d8a9ddce46a38ff6b"}
}
